The target system is: Emscripten - 1 - x86
The host system is: Linux - 5.15.167.4-microsoft-standard-WSL2 - x86_64
Compiling the C compiler identification source file "CMakeCCompilerId.c" succeeded.
Compiler: /home/dan/emsdk/upstream/emscripten/emcc 
Build flags: 
Id flags:  

The output was:
0


Compilation of the C compiler identification source "CMakeCCompilerId.c" produced "a.out.js"

Compilation of the C compiler identification source "CMakeCCompilerId.c" produced "a.out.wasm"

The C compiler identification is Clang, found in "/home/dan/master_thesis/cap/libs/build-capstone/CMakeFiles/3.16.3/CompilerIdC/a.out.wasm"

Compiling the CXX compiler identification source file "CMakeCXXCompilerId.cpp" succeeded.
Compiler: /home/dan/emsdk/upstream/emscripten/em++ 
Build flags: 
Id flags:  

The output was:
0


Compilation of the CXX compiler identification source "CMakeCXXCompilerId.cpp" produced "a.out.js"

Compilation of the CXX compiler identification source "CMakeCXXCompilerId.cpp" produced "a.out.wasm"

The CXX compiler identification is Clang, found in "/home/dan/master_thesis/cap/libs/build-capstone/CMakeFiles/3.16.3/CompilerIdCXX/a.out.wasm"

Determining if the C compiler works passed with the following output:
Change Dir: /home/dan/master_thesis/cap/libs/build-capstone/CMakeFiles/CMakeTmp

Run Build Command(s):/usr/bin/make cmTC_90769/fast && /usr/bin/make -f CMakeFiles/cmTC_90769.dir/build.make CMakeFiles/cmTC_90769.dir/build
make[1]: Entering directory '/home/dan/master_thesis/cap/libs/build-capstone/CMakeFiles/CMakeTmp'
Building C object CMakeFiles/cmTC_90769.dir/testCCompiler.c.o
/home/dan/emsdk/upstream/emscripten/emcc    -o CMakeFiles/cmTC_90769.dir/testCCompiler.c.o   -c /home/dan/master_thesis/cap/libs/build-capstone/CMakeFiles/CMakeTmp/testCCompiler.c
Linking C executable cmTC_90769.js
/usr/bin/cmake -E cmake_link_script CMakeFiles/cmTC_90769.dir/link.txt --verbose=1
/home/dan/emsdk/upstream/emscripten/emcc    -s EXPORTED_RUNTIME_METHODS=FS -s FORCE_FILESYSTEM=1 -s MODULARIZE=1 -s EXPORT_NAME=createCstool  @CMakeFiles/cmTC_90769.dir/objects1.rsp  -o cmTC_90769.js 
make[1]: Leaving directory '/home/dan/master_thesis/cap/libs/build-capstone/CMakeFiles/CMakeTmp'



Detecting C compiler ABI info compiled with the following output:
Change Dir: /home/dan/master_thesis/cap/libs/build-capstone/CMakeFiles/CMakeTmp

Run Build Command(s):/usr/bin/make cmTC_149a4/fast && /usr/bin/make -f CMakeFiles/cmTC_149a4.dir/build.make CMakeFiles/cmTC_149a4.dir/build
make[1]: Entering directory '/home/dan/master_thesis/cap/libs/build-capstone/CMakeFiles/CMakeTmp'
Building C object CMakeFiles/cmTC_149a4.dir/CMakeCCompilerABI.c.o
/home/dan/emsdk/upstream/emscripten/emcc   -v -o CMakeFiles/cmTC_149a4.dir/CMakeCCompilerABI.c.o   -c /usr/share/cmake-3.16/Modules/CMakeCCompilerABI.c
 /home/dan/emsdk/upstream/bin/clang -target wasm32-unknown-emscripten -fignore-exceptions -mllvm -combiner-global-alias-analysis=false -mllvm -enable-emscripten-sjlj -mllvm -disable-lsr --sysroot=/home/dan/emsdk/upstream/emscripten/cache/sysroot -DEMSCRIPTEN -Xclang -iwithsysroot/include/fakesdl -Xclang -iwithsysroot/include/compat -v -oCMakeFiles/cmTC_149a4.dir/CMakeCCompilerABI.c.o -c /usr/share/cmake-3.16/Modules/CMakeCCompilerABI.c
clang version 21.0.0git (https:/github.com/llvm/llvm-project 57025b42c43b2f14f7e58692bc19cd53d1b8a45e)
Target: wasm32-unknown-emscripten
Thread model: posix
InstalledDir: /home/dan/emsdk/upstream/bin
 (in-process)
 "/home/dan/emsdk/upstream/bin/clang-21" -cc1 -triple wasm32-unknown-emscripten -emit-obj -disable-free -clear-ast-before-backend -disable-llvm-verifier -discard-value-names -main-file-name CMakeCCompilerABI.c -mrelocation-model static -mframe-pointer=none -ffp-contract=on -fno-rounding-math -mconstructor-aliases -target-cpu generic -fvisibility=hidden -debugger-tuning=gdb -fdebug-compilation-dir=/home/dan/master_thesis/cap/libs/build-capstone/CMakeFiles/CMakeTmp -v -fcoverage-compilation-dir=/home/dan/master_thesis/cap/libs/build-capstone/CMakeFiles/CMakeTmp -resource-dir /home/dan/emsdk/upstream/lib/clang/21 -D EMSCRIPTEN -isysroot /home/dan/emsdk/upstream/emscripten/cache/sysroot -internal-isystem /home/dan/emsdk/upstream/lib/clang/21/include -internal-isystem /home/dan/emsdk/upstream/emscripten/cache/sysroot/include/wasm32-emscripten -internal-isystem /home/dan/emsdk/upstream/emscripten/cache/sysroot/include -ferror-limit 19 -fgnuc-version=4.2.1 -fskip-odr-check-in-gmf -fignore-exceptions -iwithsysroot/include/fakesdl -iwithsysroot/include/compat -mllvm -combiner-global-alias-analysis=false -mllvm -enable-emscripten-sjlj -mllvm -disable-lsr -o CMakeFiles/cmTC_149a4.dir/CMakeCCompilerABI.c.o -x c /usr/share/cmake-3.16/Modules/CMakeCCompilerABI.c
clang -cc1 version 21.0.0git based upon LLVM 21.0.0git default target x86_64-unknown-linux-gnu
ignoring nonexistent directory "/home/dan/emsdk/upstream/emscripten/cache/sysroot/include/wasm32-emscripten"
#include "..." search starts here:
#include <...> search starts here:
 /home/dan/emsdk/upstream/emscripten/cache/sysroot/include/fakesdl
 /home/dan/emsdk/upstream/emscripten/cache/sysroot/include/compat
 /home/dan/emsdk/upstream/lib/clang/21/include
 /home/dan/emsdk/upstream/emscripten/cache/sysroot/include
End of search list.
Linking C executable cmTC_149a4.js
/usr/bin/cmake -E cmake_link_script CMakeFiles/cmTC_149a4.dir/link.txt --verbose=1
/home/dan/emsdk/upstream/emscripten/emcc    -s EXPORTED_RUNTIME_METHODS=FS -s FORCE_FILESYSTEM=1 -s MODULARIZE=1 -s EXPORT_NAME=createCstool -v @CMakeFiles/cmTC_149a4.dir/objects1.rsp  -o cmTC_149a4.js 
 /home/dan/emsdk/upstream/bin/clang --version
 /home/dan/emsdk/upstream/bin/wasm-ld -o cmTC_149a4.wasm CMakeFiles/cmTC_149a4.dir/CMakeCCompilerABI.c.o -L/home/dan/emsdk/upstream/emscripten/cache/sysroot/lib/wasm32-emscripten -L/home/dan/emsdk/upstream/emscripten/src/lib -lGL-getprocaddr -lal -lhtml5 -lstubs-debug -lnoexit -lc-debug -ldlmalloc-debug -lcompiler_rt -lc++-noexcept -lc++abi-debug-noexcept -lsockets -mllvm -combiner-global-alias-analysis=false -mllvm -enable-emscripten-sjlj -mllvm -disable-lsr /tmp/tmpd1ox6qqtlibemscripten_js_symbols.so --strip-debug --export=emscripten_stack_get_end --export=emscripten_stack_get_free --export=emscripten_stack_get_base --export=emscripten_stack_get_current --export=emscripten_stack_init --export=_emscripten_stack_alloc --export=__wasm_call_ctors --export=_emscripten_stack_restore --export=strerror --export-if-defined=__start_em_asm --export-if-defined=__stop_em_asm --export-if-defined=__start_em_lib_deps --export-if-defined=__stop_em_lib_deps --export-if-defined=__start_em_js --export-if-defined=__stop_em_js --export-if-defined=main --export-if-defined=__main_argc_argv --export-if-defined=fflush --export-table -z stack-size=65536 --no-growable-memory --initial-heap=16777216 --no-entry --stack-first --table-base=1
 /home/dan/emsdk/upstream/bin/llvm-objcopy cmTC_149a4.wasm cmTC_149a4.wasm --remove-section=.debug* --remove-section=producers --remove-section=name
 /home/dan/emsdk/node/20.18.0_64bit/bin/node /home/dan/emsdk/upstream/emscripten/tools/compiler.mjs -
make[1]: Leaving directory '/home/dan/master_thesis/cap/libs/build-capstone/CMakeFiles/CMakeTmp'



Parsed C implicit include dir info from above output: rv=done
  found start of include info
  found start of implicit include info
    add: [/home/dan/emsdk/upstream/emscripten/cache/sysroot/include/fakesdl]
    add: [/home/dan/emsdk/upstream/emscripten/cache/sysroot/include/compat]
    add: [/home/dan/emsdk/upstream/lib/clang/21/include]
    add: [/home/dan/emsdk/upstream/emscripten/cache/sysroot/include]
  end of search list found
  collapse include dir [/home/dan/emsdk/upstream/emscripten/cache/sysroot/include/fakesdl] ==> [/home/dan/emsdk/upstream/emscripten/cache/sysroot/include/fakesdl]
  collapse include dir [/home/dan/emsdk/upstream/emscripten/cache/sysroot/include/compat] ==> [/home/dan/emsdk/upstream/emscripten/cache/sysroot/include/compat]
  collapse include dir [/home/dan/emsdk/upstream/lib/clang/21/include] ==> [/home/dan/emsdk/upstream/lib/clang/21/include]
  collapse include dir [/home/dan/emsdk/upstream/emscripten/cache/sysroot/include] ==> [/home/dan/emsdk/upstream/emscripten/cache/sysroot/include]
  implicit include dirs: [/home/dan/emsdk/upstream/emscripten/cache/sysroot/include/fakesdl;/home/dan/emsdk/upstream/emscripten/cache/sysroot/include/compat;/home/dan/emsdk/upstream/lib/clang/21/include;/home/dan/emsdk/upstream/emscripten/cache/sysroot/include]


Parsed C implicit link information from above output:
  link line regex: [^( *|.*[/\])(ld|CMAKE_LINK_STARTFILE-NOTFOUND|([^/\]+-)?ld|collect2)[^/\]*( |$)]
  ignore line: [Change Dir: /home/dan/master_thesis/cap/libs/build-capstone/CMakeFiles/CMakeTmp]
  ignore line: []
  ignore line: [Run Build Command(s):/usr/bin/make cmTC_149a4/fast && /usr/bin/make -f CMakeFiles/cmTC_149a4.dir/build.make CMakeFiles/cmTC_149a4.dir/build]
  ignore line: [make[1]: Entering directory '/home/dan/master_thesis/cap/libs/build-capstone/CMakeFiles/CMakeTmp']
  ignore line: [Building C object CMakeFiles/cmTC_149a4.dir/CMakeCCompilerABI.c.o]
  ignore line: [/home/dan/emsdk/upstream/emscripten/emcc   -v -o CMakeFiles/cmTC_149a4.dir/CMakeCCompilerABI.c.o   -c /usr/share/cmake-3.16/Modules/CMakeCCompilerABI.c]
  ignore line: [ /home/dan/emsdk/upstream/bin/clang -target wasm32-unknown-emscripten -fignore-exceptions -mllvm -combiner-global-alias-analysis=false -mllvm -enable-emscripten-sjlj -mllvm -disable-lsr --sysroot=/home/dan/emsdk/upstream/emscripten/cache/sysroot -DEMSCRIPTEN -Xclang -iwithsysroot/include/fakesdl -Xclang -iwithsysroot/include/compat -v -oCMakeFiles/cmTC_149a4.dir/CMakeCCompilerABI.c.o -c /usr/share/cmake-3.16/Modules/CMakeCCompilerABI.c]
  ignore line: [clang version 21.0.0git (https:/github.com/llvm/llvm-project 57025b42c43b2f14f7e58692bc19cd53d1b8a45e)]
  ignore line: [Target: wasm32-unknown-emscripten]
  ignore line: [Thread model: posix]
  ignore line: [InstalledDir: /home/dan/emsdk/upstream/bin]
  ignore line: [ (in-process)]
  ignore line: [ "/home/dan/emsdk/upstream/bin/clang-21" -cc1 -triple wasm32-unknown-emscripten -emit-obj -disable-free -clear-ast-before-backend -disable-llvm-verifier -discard-value-names -main-file-name CMakeCCompilerABI.c -mrelocation-model static -mframe-pointer=none -ffp-contract=on -fno-rounding-math -mconstructor-aliases -target-cpu generic -fvisibility=hidden -debugger-tuning=gdb -fdebug-compilation-dir=/home/dan/master_thesis/cap/libs/build-capstone/CMakeFiles/CMakeTmp -v -fcoverage-compilation-dir=/home/dan/master_thesis/cap/libs/build-capstone/CMakeFiles/CMakeTmp -resource-dir /home/dan/emsdk/upstream/lib/clang/21 -D EMSCRIPTEN -isysroot /home/dan/emsdk/upstream/emscripten/cache/sysroot -internal-isystem /home/dan/emsdk/upstream/lib/clang/21/include -internal-isystem /home/dan/emsdk/upstream/emscripten/cache/sysroot/include/wasm32-emscripten -internal-isystem /home/dan/emsdk/upstream/emscripten/cache/sysroot/include -ferror-limit 19 -fgnuc-version=4.2.1 -fskip-odr-check-in-gmf -fignore-exceptions -iwithsysroot/include/fakesdl -iwithsysroot/include/compat -mllvm -combiner-global-alias-analysis=false -mllvm -enable-emscripten-sjlj -mllvm -disable-lsr -o CMakeFiles/cmTC_149a4.dir/CMakeCCompilerABI.c.o -x c /usr/share/cmake-3.16/Modules/CMakeCCompilerABI.c]
  ignore line: [clang -cc1 version 21.0.0git based upon LLVM 21.0.0git default target x86_64-unknown-linux-gnu]
  ignore line: [ignoring nonexistent directory "/home/dan/emsdk/upstream/emscripten/cache/sysroot/include/wasm32-emscripten"]
  ignore line: [#include "..." search starts here:]
  ignore line: [#include <...> search starts here:]
  ignore line: [ /home/dan/emsdk/upstream/emscripten/cache/sysroot/include/fakesdl]
  ignore line: [ /home/dan/emsdk/upstream/emscripten/cache/sysroot/include/compat]
  ignore line: [ /home/dan/emsdk/upstream/lib/clang/21/include]
  ignore line: [ /home/dan/emsdk/upstream/emscripten/cache/sysroot/include]
  ignore line: [End of search list.]
  ignore line: [Linking C executable cmTC_149a4.js]
  ignore line: [/usr/bin/cmake -E cmake_link_script CMakeFiles/cmTC_149a4.dir/link.txt --verbose=1]
  ignore line: [/home/dan/emsdk/upstream/emscripten/emcc    -s EXPORTED_RUNTIME_METHODS=FS -s FORCE_FILESYSTEM=1 -s MODULARIZE=1 -s EXPORT_NAME=createCstool -v @CMakeFiles/cmTC_149a4.dir/objects1.rsp  -o cmTC_149a4.js ]
  ignore line: [ /home/dan/emsdk/upstream/bin/clang --version]
  link line: [ /home/dan/emsdk/upstream/bin/wasm-ld -o cmTC_149a4.wasm CMakeFiles/cmTC_149a4.dir/CMakeCCompilerABI.c.o -L/home/dan/emsdk/upstream/emscripten/cache/sysroot/lib/wasm32-emscripten -L/home/dan/emsdk/upstream/emscripten/src/lib -lGL-getprocaddr -lal -lhtml5 -lstubs-debug -lnoexit -lc-debug -ldlmalloc-debug -lcompiler_rt -lc++-noexcept -lc++abi-debug-noexcept -lsockets -mllvm -combiner-global-alias-analysis=false -mllvm -enable-emscripten-sjlj -mllvm -disable-lsr /tmp/tmpd1ox6qqtlibemscripten_js_symbols.so --strip-debug --export=emscripten_stack_get_end --export=emscripten_stack_get_free --export=emscripten_stack_get_base --export=emscripten_stack_get_current --export=emscripten_stack_init --export=_emscripten_stack_alloc --export=__wasm_call_ctors --export=_emscripten_stack_restore --export=strerror --export-if-defined=__start_em_asm --export-if-defined=__stop_em_asm --export-if-defined=__start_em_lib_deps --export-if-defined=__stop_em_lib_deps --export-if-defined=__start_em_js --export-if-defined=__stop_em_js --export-if-defined=main --export-if-defined=__main_argc_argv --export-if-defined=fflush --export-table -z stack-size=65536 --no-growable-memory --initial-heap=16777216 --no-entry --stack-first --table-base=1]
    arg [/home/dan/emsdk/upstream/bin/wasm-ld] ==> ignore
    arg [-o] ==> ignore
    arg [cmTC_149a4.wasm] ==> ignore
    arg [CMakeFiles/cmTC_149a4.dir/CMakeCCompilerABI.c.o] ==> ignore
    arg [-L/home/dan/emsdk/upstream/emscripten/cache/sysroot/lib/wasm32-emscripten] ==> dir [/home/dan/emsdk/upstream/emscripten/cache/sysroot/lib/wasm32-emscripten]
    arg [-L/home/dan/emsdk/upstream/emscripten/src/lib] ==> dir [/home/dan/emsdk/upstream/emscripten/src/lib]
    arg [-lGL-getprocaddr] ==> lib [GL-getprocaddr]
    arg [-lal] ==> lib [al]
    arg [-lhtml5] ==> lib [html5]
    arg [-lstubs-debug] ==> lib [stubs-debug]
    arg [-lnoexit] ==> lib [noexit]
    arg [-lc-debug] ==> lib [c-debug]
    arg [-ldlmalloc-debug] ==> lib [dlmalloc-debug]
    arg [-lcompiler_rt] ==> lib [compiler_rt]
    arg [-lc++-noexcept] ==> lib [c++-noexcept]
    arg [-lc++abi-debug-noexcept] ==> lib [c++abi-debug-noexcept]
    arg [-lsockets] ==> lib [sockets]
    arg [-mllvm] ==> ignore
    arg [-combiner-global-alias-analysis=false] ==> ignore
    arg [-mllvm] ==> ignore
    arg [-enable-emscripten-sjlj] ==> ignore
    arg [-mllvm] ==> ignore
    arg [-disable-lsr] ==> ignore
    arg [/tmp/tmpd1ox6qqtlibemscripten_js_symbols.so] ==> ignore
    arg [--strip-debug] ==> ignore
    arg [--export=emscripten_stack_get_end] ==> ignore
    arg [--export=emscripten_stack_get_free] ==> ignore
    arg [--export=emscripten_stack_get_base] ==> ignore
    arg [--export=emscripten_stack_get_current] ==> ignore
    arg [--export=emscripten_stack_init] ==> ignore
    arg [--export=_emscripten_stack_alloc] ==> ignore
    arg [--export=__wasm_call_ctors] ==> ignore
    arg [--export=_emscripten_stack_restore] ==> ignore
    arg [--export=strerror] ==> ignore
    arg [--export-if-defined=__start_em_asm] ==> ignore
    arg [--export-if-defined=__stop_em_asm] ==> ignore
    arg [--export-if-defined=__start_em_lib_deps] ==> ignore
    arg [--export-if-defined=__stop_em_lib_deps] ==> ignore
    arg [--export-if-defined=__start_em_js] ==> ignore
    arg [--export-if-defined=__stop_em_js] ==> ignore
    arg [--export-if-defined=main] ==> ignore
    arg [--export-if-defined=__main_argc_argv] ==> ignore
    arg [--export-if-defined=fflush] ==> ignore
    arg [--export-table] ==> ignore
    arg [-zstack-size=65536] ==> ignore
    arg [--no-growable-memory] ==> ignore
    arg [--initial-heap=16777216] ==> ignore
    arg [--no-entry] ==> ignore
    arg [--stack-first] ==> ignore
    arg [--table-base=1] ==> ignore
  collapse library dir [/home/dan/emsdk/upstream/emscripten/cache/sysroot/lib/wasm32-emscripten] ==> [/home/dan/emsdk/upstream/emscripten/cache/sysroot/lib/wasm32-emscripten]
  collapse library dir [/home/dan/emsdk/upstream/emscripten/src/lib] ==> [/home/dan/emsdk/upstream/emscripten/src/lib]
  implicit libs: [GL-getprocaddr;al;html5;stubs-debug;noexit;c-debug;dlmalloc-debug;compiler_rt;c++-noexcept;c++abi-debug-noexcept;sockets]
  implicit dirs: [/home/dan/emsdk/upstream/emscripten/cache/sysroot/lib/wasm32-emscripten;/home/dan/emsdk/upstream/emscripten/src/lib]
  implicit fwks: []


Determining if the CXX compiler works passed with the following output:
Change Dir: /home/dan/master_thesis/cap/libs/build-capstone/CMakeFiles/CMakeTmp

Run Build Command(s):/usr/bin/make cmTC_83dc7/fast && /usr/bin/make -f CMakeFiles/cmTC_83dc7.dir/build.make CMakeFiles/cmTC_83dc7.dir/build
make[1]: Entering directory '/home/dan/master_thesis/cap/libs/build-capstone/CMakeFiles/CMakeTmp'
Building CXX object CMakeFiles/cmTC_83dc7.dir/testCXXCompiler.cxx.o
/home/dan/emsdk/upstream/emscripten/em++     -o CMakeFiles/cmTC_83dc7.dir/testCXXCompiler.cxx.o -c /home/dan/master_thesis/cap/libs/build-capstone/CMakeFiles/CMakeTmp/testCXXCompiler.cxx
Linking CXX executable cmTC_83dc7.js
/usr/bin/cmake -E cmake_link_script CMakeFiles/cmTC_83dc7.dir/link.txt --verbose=1
/home/dan/emsdk/upstream/emscripten/em++     -s EXPORTED_RUNTIME_METHODS=FS -s FORCE_FILESYSTEM=1 -s MODULARIZE=1 -s EXPORT_NAME=createCstool  @CMakeFiles/cmTC_83dc7.dir/objects1.rsp  -o cmTC_83dc7.js 
make[1]: Leaving directory '/home/dan/master_thesis/cap/libs/build-capstone/CMakeFiles/CMakeTmp'



Detecting CXX compiler ABI info compiled with the following output:
Change Dir: /home/dan/master_thesis/cap/libs/build-capstone/CMakeFiles/CMakeTmp

Run Build Command(s):/usr/bin/make cmTC_9b5b9/fast && /usr/bin/make -f CMakeFiles/cmTC_9b5b9.dir/build.make CMakeFiles/cmTC_9b5b9.dir/build
make[1]: Entering directory '/home/dan/master_thesis/cap/libs/build-capstone/CMakeFiles/CMakeTmp'
Building CXX object CMakeFiles/cmTC_9b5b9.dir/CMakeCXXCompilerABI.cpp.o
/home/dan/emsdk/upstream/emscripten/em++    -v -o CMakeFiles/cmTC_9b5b9.dir/CMakeCXXCompilerABI.cpp.o -c /usr/share/cmake-3.16/Modules/CMakeCXXCompilerABI.cpp
 "/home/dan/emsdk/upstream/bin/clang++" -target wasm32-unknown-emscripten -fignore-exceptions -mllvm -combiner-global-alias-analysis=false -mllvm -enable-emscripten-sjlj -mllvm -disable-lsr --sysroot=/home/dan/emsdk/upstream/emscripten/cache/sysroot -DEMSCRIPTEN -Xclang -iwithsysroot/include/fakesdl -Xclang -iwithsysroot/include/compat -v -oCMakeFiles/cmTC_9b5b9.dir/CMakeCXXCompilerABI.cpp.o -c /usr/share/cmake-3.16/Modules/CMakeCXXCompilerABI.cpp
clang version 21.0.0git (https:/github.com/llvm/llvm-project 57025b42c43b2f14f7e58692bc19cd53d1b8a45e)
Target: wasm32-unknown-emscripten
Thread model: posix
InstalledDir: /home/dan/emsdk/upstream/bin
 (in-process)
 "/home/dan/emsdk/upstream/bin/clang-21" -cc1 -triple wasm32-unknown-emscripten -emit-obj -disable-free -clear-ast-before-backend -disable-llvm-verifier -discard-value-names -main-file-name CMakeCXXCompilerABI.cpp -mrelocation-model static -mframe-pointer=none -ffp-contract=on -fno-rounding-math -mconstructor-aliases -target-cpu generic -fvisibility=hidden -debugger-tuning=gdb -fdebug-compilation-dir=/home/dan/master_thesis/cap/libs/build-capstone/CMakeFiles/CMakeTmp -v -fcoverage-compilation-dir=/home/dan/master_thesis/cap/libs/build-capstone/CMakeFiles/CMakeTmp -resource-dir /home/dan/emsdk/upstream/lib/clang/21 -D EMSCRIPTEN -isysroot /home/dan/emsdk/upstream/emscripten/cache/sysroot -internal-isystem /home/dan/emsdk/upstream/emscripten/cache/sysroot/include/wasm32-emscripten/c++/v1 -internal-isystem /home/dan/emsdk/upstream/emscripten/cache/sysroot/include/c++/v1 -internal-isystem /home/dan/emsdk/upstream/lib/clang/21/include -internal-isystem /home/dan/emsdk/upstream/emscripten/cache/sysroot/include/wasm32-emscripten -internal-isystem /home/dan/emsdk/upstream/emscripten/cache/sysroot/include -fdeprecated-macro -ferror-limit 19 -fgnuc-version=4.2.1 -fskip-odr-check-in-gmf -fcxx-exceptions -fignore-exceptions -fexceptions -iwithsysroot/include/fakesdl -iwithsysroot/include/compat -mllvm -combiner-global-alias-analysis=false -mllvm -enable-emscripten-sjlj -mllvm -disable-lsr -o CMakeFiles/cmTC_9b5b9.dir/CMakeCXXCompilerABI.cpp.o -x c++ /usr/share/cmake-3.16/Modules/CMakeCXXCompilerABI.cpp
clang -cc1 version 21.0.0git based upon LLVM 21.0.0git default target x86_64-unknown-linux-gnu
ignoring nonexistent directory "/home/dan/emsdk/upstream/emscripten/cache/sysroot/include/wasm32-emscripten/c++/v1"
ignoring nonexistent directory "/home/dan/emsdk/upstream/emscripten/cache/sysroot/include/wasm32-emscripten"
#include "..." search starts here:
#include <...> search starts here:
 /home/dan/emsdk/upstream/emscripten/cache/sysroot/include/fakesdl
 /home/dan/emsdk/upstream/emscripten/cache/sysroot/include/compat
 /home/dan/emsdk/upstream/emscripten/cache/sysroot/include/c++/v1
 /home/dan/emsdk/upstream/lib/clang/21/include
 /home/dan/emsdk/upstream/emscripten/cache/sysroot/include
End of search list.
Linking CXX executable cmTC_9b5b9.js
/usr/bin/cmake -E cmake_link_script CMakeFiles/cmTC_9b5b9.dir/link.txt --verbose=1
/home/dan/emsdk/upstream/emscripten/em++     -s EXPORTED_RUNTIME_METHODS=FS -s FORCE_FILESYSTEM=1 -s MODULARIZE=1 -s EXPORT_NAME=createCstool -v @CMakeFiles/cmTC_9b5b9.dir/objects1.rsp  -o cmTC_9b5b9.js 
 /home/dan/emsdk/upstream/bin/clang --version
 /home/dan/emsdk/upstream/bin/wasm-ld -o cmTC_9b5b9.wasm CMakeFiles/cmTC_9b5b9.dir/CMakeCXXCompilerABI.cpp.o -L/home/dan/emsdk/upstream/emscripten/cache/sysroot/lib/wasm32-emscripten -L/home/dan/emsdk/upstream/emscripten/src/lib -lGL-getprocaddr -lal -lhtml5 -lstubs-debug -lnoexit -lc-debug -ldlmalloc-debug -lcompiler_rt -lc++-noexcept -lc++abi-debug-noexcept -lsockets -mllvm -combiner-global-alias-analysis=false -mllvm -enable-emscripten-sjlj -mllvm -disable-lsr /tmp/tmprt206t7_libemscripten_js_symbols.so --strip-debug --export=emscripten_stack_get_end --export=emscripten_stack_get_free --export=emscripten_stack_get_base --export=emscripten_stack_get_current --export=emscripten_stack_init --export=_emscripten_stack_alloc --export=__wasm_call_ctors --export=_emscripten_stack_restore --export=strerror --export-if-defined=__start_em_asm --export-if-defined=__stop_em_asm --export-if-defined=__start_em_lib_deps --export-if-defined=__stop_em_lib_deps --export-if-defined=__start_em_js --export-if-defined=__stop_em_js --export-if-defined=main --export-if-defined=__main_argc_argv --export-if-defined=fflush --export-table -z stack-size=65536 --no-growable-memory --initial-heap=16777216 --no-entry --stack-first --table-base=1
 /home/dan/emsdk/upstream/bin/llvm-objcopy cmTC_9b5b9.wasm cmTC_9b5b9.wasm --remove-section=.debug* --remove-section=producers --remove-section=name
 /home/dan/emsdk/node/20.18.0_64bit/bin/node /home/dan/emsdk/upstream/emscripten/tools/compiler.mjs -
make[1]: Leaving directory '/home/dan/master_thesis/cap/libs/build-capstone/CMakeFiles/CMakeTmp'



Parsed CXX implicit include dir info from above output: rv=done
  found start of include info
  found start of implicit include info
    add: [/home/dan/emsdk/upstream/emscripten/cache/sysroot/include/fakesdl]
    add: [/home/dan/emsdk/upstream/emscripten/cache/sysroot/include/compat]
    add: [/home/dan/emsdk/upstream/emscripten/cache/sysroot/include/c++/v1]
    add: [/home/dan/emsdk/upstream/lib/clang/21/include]
    add: [/home/dan/emsdk/upstream/emscripten/cache/sysroot/include]
  end of search list found
  collapse include dir [/home/dan/emsdk/upstream/emscripten/cache/sysroot/include/fakesdl] ==> [/home/dan/emsdk/upstream/emscripten/cache/sysroot/include/fakesdl]
  collapse include dir [/home/dan/emsdk/upstream/emscripten/cache/sysroot/include/compat] ==> [/home/dan/emsdk/upstream/emscripten/cache/sysroot/include/compat]
  collapse include dir [/home/dan/emsdk/upstream/emscripten/cache/sysroot/include/c++/v1] ==> [/home/dan/emsdk/upstream/emscripten/cache/sysroot/include/c++/v1]
  collapse include dir [/home/dan/emsdk/upstream/lib/clang/21/include] ==> [/home/dan/emsdk/upstream/lib/clang/21/include]
  collapse include dir [/home/dan/emsdk/upstream/emscripten/cache/sysroot/include] ==> [/home/dan/emsdk/upstream/emscripten/cache/sysroot/include]
  implicit include dirs: [/home/dan/emsdk/upstream/emscripten/cache/sysroot/include/fakesdl;/home/dan/emsdk/upstream/emscripten/cache/sysroot/include/compat;/home/dan/emsdk/upstream/emscripten/cache/sysroot/include/c++/v1;/home/dan/emsdk/upstream/lib/clang/21/include;/home/dan/emsdk/upstream/emscripten/cache/sysroot/include]


Parsed CXX implicit link information from above output:
  link line regex: [^( *|.*[/\])(ld|CMAKE_LINK_STARTFILE-NOTFOUND|([^/\]+-)?ld|collect2)[^/\]*( |$)]
  ignore line: [Change Dir: /home/dan/master_thesis/cap/libs/build-capstone/CMakeFiles/CMakeTmp]
  ignore line: []
  ignore line: [Run Build Command(s):/usr/bin/make cmTC_9b5b9/fast && /usr/bin/make -f CMakeFiles/cmTC_9b5b9.dir/build.make CMakeFiles/cmTC_9b5b9.dir/build]
  ignore line: [make[1]: Entering directory '/home/dan/master_thesis/cap/libs/build-capstone/CMakeFiles/CMakeTmp']
  ignore line: [Building CXX object CMakeFiles/cmTC_9b5b9.dir/CMakeCXXCompilerABI.cpp.o]
  ignore line: [/home/dan/emsdk/upstream/emscripten/em++    -v -o CMakeFiles/cmTC_9b5b9.dir/CMakeCXXCompilerABI.cpp.o -c /usr/share/cmake-3.16/Modules/CMakeCXXCompilerABI.cpp]
  ignore line: [ "/home/dan/emsdk/upstream/bin/clang++" -target wasm32-unknown-emscripten -fignore-exceptions -mllvm -combiner-global-alias-analysis=false -mllvm -enable-emscripten-sjlj -mllvm -disable-lsr --sysroot=/home/dan/emsdk/upstream/emscripten/cache/sysroot -DEMSCRIPTEN -Xclang -iwithsysroot/include/fakesdl -Xclang -iwithsysroot/include/compat -v -oCMakeFiles/cmTC_9b5b9.dir/CMakeCXXCompilerABI.cpp.o -c /usr/share/cmake-3.16/Modules/CMakeCXXCompilerABI.cpp]
  ignore line: [clang version 21.0.0git (https:/github.com/llvm/llvm-project 57025b42c43b2f14f7e58692bc19cd53d1b8a45e)]
  ignore line: [Target: wasm32-unknown-emscripten]
  ignore line: [Thread model: posix]
  ignore line: [InstalledDir: /home/dan/emsdk/upstream/bin]
  ignore line: [ (in-process)]
  ignore line: [ "/home/dan/emsdk/upstream/bin/clang-21" -cc1 -triple wasm32-unknown-emscripten -emit-obj -disable-free -clear-ast-before-backend -disable-llvm-verifier -discard-value-names -main-file-name CMakeCXXCompilerABI.cpp -mrelocation-model static -mframe-pointer=none -ffp-contract=on -fno-rounding-math -mconstructor-aliases -target-cpu generic -fvisibility=hidden -debugger-tuning=gdb -fdebug-compilation-dir=/home/dan/master_thesis/cap/libs/build-capstone/CMakeFiles/CMakeTmp -v -fcoverage-compilation-dir=/home/dan/master_thesis/cap/libs/build-capstone/CMakeFiles/CMakeTmp -resource-dir /home/dan/emsdk/upstream/lib/clang/21 -D EMSCRIPTEN -isysroot /home/dan/emsdk/upstream/emscripten/cache/sysroot -internal-isystem /home/dan/emsdk/upstream/emscripten/cache/sysroot/include/wasm32-emscripten/c++/v1 -internal-isystem /home/dan/emsdk/upstream/emscripten/cache/sysroot/include/c++/v1 -internal-isystem /home/dan/emsdk/upstream/lib/clang/21/include -internal-isystem /home/dan/emsdk/upstream/emscripten/cache/sysroot/include/wasm32-emscripten -internal-isystem /home/dan/emsdk/upstream/emscripten/cache/sysroot/include -fdeprecated-macro -ferror-limit 19 -fgnuc-version=4.2.1 -fskip-odr-check-in-gmf -fcxx-exceptions -fignore-exceptions -fexceptions -iwithsysroot/include/fakesdl -iwithsysroot/include/compat -mllvm -combiner-global-alias-analysis=false -mllvm -enable-emscripten-sjlj -mllvm -disable-lsr -o CMakeFiles/cmTC_9b5b9.dir/CMakeCXXCompilerABI.cpp.o -x c++ /usr/share/cmake-3.16/Modules/CMakeCXXCompilerABI.cpp]
  ignore line: [clang -cc1 version 21.0.0git based upon LLVM 21.0.0git default target x86_64-unknown-linux-gnu]
  ignore line: [ignoring nonexistent directory "/home/dan/emsdk/upstream/emscripten/cache/sysroot/include/wasm32-emscripten/c++/v1"]
  ignore line: [ignoring nonexistent directory "/home/dan/emsdk/upstream/emscripten/cache/sysroot/include/wasm32-emscripten"]
  ignore line: [#include "..." search starts here:]
  ignore line: [#include <...> search starts here:]
  ignore line: [ /home/dan/emsdk/upstream/emscripten/cache/sysroot/include/fakesdl]
  ignore line: [ /home/dan/emsdk/upstream/emscripten/cache/sysroot/include/compat]
  ignore line: [ /home/dan/emsdk/upstream/emscripten/cache/sysroot/include/c++/v1]
  ignore line: [ /home/dan/emsdk/upstream/lib/clang/21/include]
  ignore line: [ /home/dan/emsdk/upstream/emscripten/cache/sysroot/include]
  ignore line: [End of search list.]
  ignore line: [Linking CXX executable cmTC_9b5b9.js]
  ignore line: [/usr/bin/cmake -E cmake_link_script CMakeFiles/cmTC_9b5b9.dir/link.txt --verbose=1]
  ignore line: [/home/dan/emsdk/upstream/emscripten/em++     -s EXPORTED_RUNTIME_METHODS=FS -s FORCE_FILESYSTEM=1 -s MODULARIZE=1 -s EXPORT_NAME=createCstool -v @CMakeFiles/cmTC_9b5b9.dir/objects1.rsp  -o cmTC_9b5b9.js ]
  ignore line: [ /home/dan/emsdk/upstream/bin/clang --version]
  link line: [ /home/dan/emsdk/upstream/bin/wasm-ld -o cmTC_9b5b9.wasm CMakeFiles/cmTC_9b5b9.dir/CMakeCXXCompilerABI.cpp.o -L/home/dan/emsdk/upstream/emscripten/cache/sysroot/lib/wasm32-emscripten -L/home/dan/emsdk/upstream/emscripten/src/lib -lGL-getprocaddr -lal -lhtml5 -lstubs-debug -lnoexit -lc-debug -ldlmalloc-debug -lcompiler_rt -lc++-noexcept -lc++abi-debug-noexcept -lsockets -mllvm -combiner-global-alias-analysis=false -mllvm -enable-emscripten-sjlj -mllvm -disable-lsr /tmp/tmprt206t7_libemscripten_js_symbols.so --strip-debug --export=emscripten_stack_get_end --export=emscripten_stack_get_free --export=emscripten_stack_get_base --export=emscripten_stack_get_current --export=emscripten_stack_init --export=_emscripten_stack_alloc --export=__wasm_call_ctors --export=_emscripten_stack_restore --export=strerror --export-if-defined=__start_em_asm --export-if-defined=__stop_em_asm --export-if-defined=__start_em_lib_deps --export-if-defined=__stop_em_lib_deps --export-if-defined=__start_em_js --export-if-defined=__stop_em_js --export-if-defined=main --export-if-defined=__main_argc_argv --export-if-defined=fflush --export-table -z stack-size=65536 --no-growable-memory --initial-heap=16777216 --no-entry --stack-first --table-base=1]
    arg [/home/dan/emsdk/upstream/bin/wasm-ld] ==> ignore
    arg [-o] ==> ignore
    arg [cmTC_9b5b9.wasm] ==> ignore
    arg [CMakeFiles/cmTC_9b5b9.dir/CMakeCXXCompilerABI.cpp.o] ==> ignore
    arg [-L/home/dan/emsdk/upstream/emscripten/cache/sysroot/lib/wasm32-emscripten] ==> dir [/home/dan/emsdk/upstream/emscripten/cache/sysroot/lib/wasm32-emscripten]
    arg [-L/home/dan/emsdk/upstream/emscripten/src/lib] ==> dir [/home/dan/emsdk/upstream/emscripten/src/lib]
    arg [-lGL-getprocaddr] ==> lib [GL-getprocaddr]
    arg [-lal] ==> lib [al]
    arg [-lhtml5] ==> lib [html5]
    arg [-lstubs-debug] ==> lib [stubs-debug]
    arg [-lnoexit] ==> lib [noexit]
    arg [-lc-debug] ==> lib [c-debug]
    arg [-ldlmalloc-debug] ==> lib [dlmalloc-debug]
    arg [-lcompiler_rt] ==> lib [compiler_rt]
    arg [-lc++-noexcept] ==> lib [c++-noexcept]
    arg [-lc++abi-debug-noexcept] ==> lib [c++abi-debug-noexcept]
    arg [-lsockets] ==> lib [sockets]
    arg [-mllvm] ==> ignore
    arg [-combiner-global-alias-analysis=false] ==> ignore
    arg [-mllvm] ==> ignore
    arg [-enable-emscripten-sjlj] ==> ignore
    arg [-mllvm] ==> ignore
    arg [-disable-lsr] ==> ignore
    arg [/tmp/tmprt206t7_libemscripten_js_symbols.so] ==> ignore
    arg [--strip-debug] ==> ignore
    arg [--export=emscripten_stack_get_end] ==> ignore
    arg [--export=emscripten_stack_get_free] ==> ignore
    arg [--export=emscripten_stack_get_base] ==> ignore
    arg [--export=emscripten_stack_get_current] ==> ignore
    arg [--export=emscripten_stack_init] ==> ignore
    arg [--export=_emscripten_stack_alloc] ==> ignore
    arg [--export=__wasm_call_ctors] ==> ignore
    arg [--export=_emscripten_stack_restore] ==> ignore
    arg [--export=strerror] ==> ignore
    arg [--export-if-defined=__start_em_asm] ==> ignore
    arg [--export-if-defined=__stop_em_asm] ==> ignore
    arg [--export-if-defined=__start_em_lib_deps] ==> ignore
    arg [--export-if-defined=__stop_em_lib_deps] ==> ignore
    arg [--export-if-defined=__start_em_js] ==> ignore
    arg [--export-if-defined=__stop_em_js] ==> ignore
    arg [--export-if-defined=main] ==> ignore
    arg [--export-if-defined=__main_argc_argv] ==> ignore
    arg [--export-if-defined=fflush] ==> ignore
    arg [--export-table] ==> ignore
    arg [-zstack-size=65536] ==> ignore
    arg [--no-growable-memory] ==> ignore
    arg [--initial-heap=16777216] ==> ignore
    arg [--no-entry] ==> ignore
    arg [--stack-first] ==> ignore
    arg [--table-base=1] ==> ignore
  collapse library dir [/home/dan/emsdk/upstream/emscripten/cache/sysroot/lib/wasm32-emscripten] ==> [/home/dan/emsdk/upstream/emscripten/cache/sysroot/lib/wasm32-emscripten]
  collapse library dir [/home/dan/emsdk/upstream/emscripten/src/lib] ==> [/home/dan/emsdk/upstream/emscripten/src/lib]
  implicit libs: [GL-getprocaddr;al;html5;stubs-debug;noexit;c-debug;dlmalloc-debug;compiler_rt;c++-noexcept;c++abi-debug-noexcept;sockets]
  implicit dirs: [/home/dan/emsdk/upstream/emscripten/cache/sysroot/lib/wasm32-emscripten;/home/dan/emsdk/upstream/emscripten/src/lib]
  implicit fwks: []


Performing C SOURCE FILE Test SUPPORTS_SUNINIT succeeded with the following output:
Change Dir: /home/dan/master_thesis/cap/libs/build-capstone/CMakeFiles/CMakeTmp

Run Build Command(s):/usr/bin/make cmTC_a8b6c/fast && /usr/bin/make -f CMakeFiles/cmTC_a8b6c.dir/build.make CMakeFiles/cmTC_a8b6c.dir/build
make[1]: Entering directory '/home/dan/master_thesis/cap/libs/build-capstone/CMakeFiles/CMakeTmp'
Building C object CMakeFiles/cmTC_a8b6c.dir/src.c.o
/home/dan/emsdk/upstream/emscripten/emcc   -DSUPPORTS_SUNINIT   -Wsometimes-uninitialized -o CMakeFiles/cmTC_a8b6c.dir/src.c.o   -c /home/dan/master_thesis/cap/libs/build-capstone/CMakeFiles/CMakeTmp/src.c
Linking C executable cmTC_a8b6c.js
/usr/bin/cmake -E cmake_link_script CMakeFiles/cmTC_a8b6c.dir/link.txt --verbose=1
/home/dan/emsdk/upstream/emscripten/emcc  -DSUPPORTS_SUNINIT  -s EXPORTED_RUNTIME_METHODS=FS -s FORCE_FILESYSTEM=1 -s MODULARIZE=1 -s EXPORT_NAME=createCstool  @CMakeFiles/cmTC_a8b6c.dir/objects1.rsp  -o cmTC_a8b6c.js 
make[1]: Leaving directory '/home/dan/master_thesis/cap/libs/build-capstone/CMakeFiles/CMakeTmp'


Source file was:
int main(void) { return 0; }
