The C compiler identification could not be found in "/home/dan/master_thesis/cap/libs/build-capstone/CMakeFiles/3.16.3/CompilerIdC/a.out.js"

The CXX compiler identification could not be found in "/home/dan/master_thesis/cap/libs/build-capstone/CMakeFiles/3.16.3/CompilerIdCXX/a.out.js"

Performing C SOURCE FILE Test SUPPORTS_MU failed with the following output:
Change Dir: /home/dan/master_thesis/cap/libs/build-capstone/CMakeFiles/CMakeTmp

Run Build Command(s):/usr/bin/make cmTC_6b415/fast && /usr/bin/make -f CMakeFiles/cmTC_6b415.dir/build.make CMakeFiles/cmTC_6b415.dir/build
make[1]: Entering directory '/home/dan/master_thesis/cap/libs/build-capstone/CMakeFiles/CMakeTmp'
Building C object CMakeFiles/cmTC_6b415.dir/src.c.o
/home/dan/emsdk/upstream/emscripten/emcc   -DSUPPORTS_MU   -Wno-maybe-uninitialized -o CMakeFiles/cmTC_6b415.dir/src.c.o   -c /home/dan/master_thesis/cap/libs/build-capstone/CMakeFiles/CMakeTmp/src.c
warning: unknown warning option '-Wno-maybe-uninitialized'; did you mean '-Wno-uninitialized'? [-Wunknown-warning-option]
1 warning generated.
Linking C executable cmTC_6b415.js
/usr/bin/cmake -E cmake_link_script CMakeFiles/cmTC_6b415.dir/link.txt --verbose=1
/home/dan/emsdk/upstream/emscripten/emcc  -DSUPPORTS_MU  -s EXPORTED_RUNTIME_METHODS=FS -s FORCE_FILESYSTEM=1 -s MODULARIZE=1 -s EXPORT_NAME=createCstool  @CMakeFiles/cmTC_6b415.dir/objects1.rsp  -o cmTC_6b415.js 
make[1]: Leaving directory '/home/dan/master_thesis/cap/libs/build-capstone/CMakeFiles/CMakeTmp'


Source file was:
int main(void) { return 0; }
Performing C SOURCE FILE Test SUPPORTS_SHADOWING failed with the following output:
Change Dir: /home/dan/master_thesis/cap/libs/build-capstone/CMakeFiles/CMakeTmp

Run Build Command(s):/usr/bin/make cmTC_68660/fast && /usr/bin/make -f CMakeFiles/cmTC_68660.dir/build.make CMakeFiles/cmTC_68660.dir/build
make[1]: Entering directory '/home/dan/master_thesis/cap/libs/build-capstone/CMakeFiles/CMakeTmp'
Building C object CMakeFiles/cmTC_68660.dir/src.c.o
/home/dan/emsdk/upstream/emscripten/emcc   -DSUPPORTS_SHADOWING   -Wshadow=local -o CMakeFiles/cmTC_68660.dir/src.c.o   -c /home/dan/master_thesis/cap/libs/build-capstone/CMakeFiles/CMakeTmp/src.c
warning: unknown warning option '-Wshadow=local' [-Wunknown-warning-option]
1 warning generated.
Linking C executable cmTC_68660.js
/usr/bin/cmake -E cmake_link_script CMakeFiles/cmTC_68660.dir/link.txt --verbose=1
/home/dan/emsdk/upstream/emscripten/emcc  -DSUPPORTS_SHADOWING  -s EXPORTED_RUNTIME_METHODS=FS -s FORCE_FILESYSTEM=1 -s MODULARIZE=1 -s EXPORT_NAME=createCstool  @CMakeFiles/cmTC_68660.dir/objects1.rsp  -o cmTC_68660.js 
make[1]: Leaving directory '/home/dan/master_thesis/cap/libs/build-capstone/CMakeFiles/CMakeTmp'


Source file was:
int main(void) { return 0; }
